mode: set
github.com/chunkERR/bookings/cmd/web/main.go:22.13,25.16 2 0
github.com/chunkERR/bookings/cmd/web/main.go:25.16,27.3 1 0
github.com/chunkERR/bookings/cmd/web/main.go:29.2,36.16 4 0
github.com/chunkERR/bookings/cmd/web/main.go:39.18,57.16 10 1
github.com/chunkERR/bookings/cmd/web/main.go:57.16,60.3 2 0
github.com/chunkERR/bookings/cmd/web/main.go:62.2,70.12 6 1
github.com/chunkERR/bookings/cmd/web/middleware.go:10.45,19.2 3 1
github.com/chunkERR/bookings/cmd/web/middleware.go:22.50,24.2 1 1
github.com/chunkERR/bookings/cmd/web/routes.go:12.49,39.2 18 1
