mode: set
github.com/chunkERR/bookings/internal/render/render.go:21.40,23.2 1 1
github.com/chunkERR/bookings/internal/render/render.go:25.84,32.2 5 1
github.com/chunkERR/bookings/internal/render/render.go:34.115,38.18 2 1
github.com/chunkERR/bookings/internal/render/render.go:38.18,42.3 1 0
github.com/chunkERR/bookings/internal/render/render.go:42.8,44.3 1 1
github.com/chunkERR/bookings/internal/render/render.go:46.2,47.9 2 1
github.com/chunkERR/bookings/internal/render/render.go:47.9,50.3 2 1
github.com/chunkERR/bookings/internal/render/render.go:52.2,57.16 4 1
github.com/chunkERR/bookings/internal/render/render.go:57.16,59.3 1 0
github.com/chunkERR/bookings/internal/render/render.go:61.2,62.16 2 1
github.com/chunkERR/bookings/internal/render/render.go:62.16,65.3 2 0
github.com/chunkERR/bookings/internal/render/render.go:66.2,66.12 1 1
github.com/chunkERR/bookings/internal/render/render.go:69.67,74.16 3 1
github.com/chunkERR/bookings/internal/render/render.go:74.16,76.3 1 0
github.com/chunkERR/bookings/internal/render/render.go:79.2,79.29 1 1
github.com/chunkERR/bookings/internal/render/render.go:79.29,82.17 3 1
github.com/chunkERR/bookings/internal/render/render.go:82.17,84.12 2 0
github.com/chunkERR/bookings/internal/render/render.go:87.3,88.17 2 1
github.com/chunkERR/bookings/internal/render/render.go:88.17,90.12 2 0
github.com/chunkERR/bookings/internal/render/render.go:93.3,93.23 1 1
github.com/chunkERR/bookings/internal/render/render.go:93.23,95.18 2 1
github.com/chunkERR/bookings/internal/render/render.go:95.18,97.13 2 0
github.com/chunkERR/bookings/internal/render/render.go:102.3,102.21 1 1
github.com/chunkERR/bookings/internal/render/render.go:105.2,105.21 1 1
